<?xml version="1.0" encoding="UTF-8"?>
<testsuite name="com.dragonboatrace.game.TupleTest" tests="1" skipped="0" failures="0" errors="0" timestamp="2021-02-02T16:20:09" hostname="joe-thinkpad" time="0.001">
  <properties/>
  <testcase name="toStringTest" classname="com.dragonboatrace.game.TupleTest" time="0.001"/>
  <system-out><![CDATA[]]></system-out>
  <system-err><![CDATA[]]></system-err>
</testsuite>
