<?xml version="1.0" encoding="UTF-8"?>
<testsuite name="com.dragonboatrace.game.BoatTest" tests="3" skipped="0" failures="0" errors="0" timestamp="2021-02-03T10:47:38" hostname="joe-thinkpad" time="0.033">
  <properties/>
  <testcase name="getTotalTimeStringTest" classname="com.dragonboatrace.game.BoatTest" time="0.004"/>
  <testcase name="getFinishTimeStringTest" classname="com.dragonboatrace.game.BoatTest" time="0.001"/>
  <testcase name="instantiationTest" classname="com.dragonboatrace.game.BoatTest" time="0.001"/>
  <system-out><![CDATA[]]></system-out>
  <system-err><![CDATA[]]></system-err>
</testsuite>
