<?xml version="1.0" encoding="UTF-8"?>
<testsuite name="com.dragonboatrace.game.examples.AssetExistsExampleTest" tests="1" skipped="0" failures="1" errors="0" timestamp="2021-01-29T16:57:57" hostname="joe-thinkpad" time="0.014">
  <properties/>
  <testcase name="badlogicLogoFileExists" classname="com.dragonboatrace.game.examples.AssetExistsExampleTest" time="0.014">
    <failure message="java.lang.NullPointerException" type="java.lang.NullPointerException">java.lang.NullPointerException
	at com.badlogic.gdx.graphics.glutils.ShaderProgram.loadShader(ShaderProgram.java:205)
	at com.badlogic.gdx.graphics.glutils.ShaderProgram.compileShaders(ShaderProgram.java:184)
	at com.badlogic.gdx.graphics.glutils.ShaderProgram.&lt;init&gt;(ShaderProgram.java:167)
	at com.badlogic.gdx.graphics.g2d.SpriteBatch.createDefaultShader(SpriteBatch.java:162)
	at com.badlogic.gdx.graphics.g2d.SpriteBatch.&lt;init&gt;(SpriteBatch.java:126)
	at com.badlogic.gdx.graphics.g2d.SpriteBatch.&lt;init&gt;(SpriteBatch.java:80)
	at com.dragonboatrace.game.DragonBoatRace.create(DragonBoatRace.java:21)
	at com.dragonboatrace.game.examples.AssetExistsExampleTest.badlogicLogoFileExists(AssetExistsExampleTest.java:37)
	at sun.reflect.NativeMethodAccessorImpl.invoke0(Native Method)
	at sun.reflect.NativeMethodAccessorImpl.invoke(NativeMethodAccessorImpl.java:62)
	at sun.reflect.DelegatingMethodAccessorImpl.invoke(DelegatingMethodAccessorImpl.java:43)
	at java.lang.reflect.Method.invoke(Method.java:498)
	at org.junit.runners.model.FrameworkMethod$1.runReflectiveCall(FrameworkMethod.java:59)
	at org.junit.internal.runners.model.ReflectiveCallable.run(ReflectiveCallable.java:12)
	at org.junit.runners.model.FrameworkMethod.invokeExplosively(FrameworkMethod.java:56)
	at org.junit.internal.runners.statements.InvokeMethod.evaluate(InvokeMethod.java:17)
	at org.junit.runners.ParentRunner$3.evaluate(ParentRunner.java:306)
	at org.junit.runners.BlockJUnit4ClassRunner$1.evaluate(BlockJUnit4ClassRunner.java:100)
	at org.junit.runners.ParentRunner.runLeaf(ParentRunner.java:366)
	at org.junit.runners.BlockJUnit4ClassRunner.runChild(BlockJUnit4ClassRunner.java:103)
	at com.dragonboatrace.game.GdxTestRunner.render(GdxTestRunner.java:59)
	at com.badlogic.gdx.backends.headless.HeadlessApplication.mainLoop(HeadlessApplication.java:129)
	at com.badlogic.gdx.backends.headless.HeadlessApplication$1.run(HeadlessApplication.java:96)
</failure>
  </testcase>
  <system-out><![CDATA[]]></system-out>
  <system-err><![CDATA[]]></system-err>
</testsuite>
