<?xml version="1.0" encoding="UTF-8"?>
<testsuite name="com.dragonboatrace.game.ObstacleTest" tests="1" skipped="0" failures="0" errors="0" timestamp="2021-02-03T17:20:45" hostname="joe-thinkpad" time="0.006">
  <properties/>
  <testcase name="obstacleInstantiationTest" classname="com.dragonboatrace.game.ObstacleTest" time="0.006"/>
  <system-out><![CDATA[]]></system-out>
  <system-err><![CDATA[]]></system-err>
</testsuite>
